0 info it worked if it ends with ok
1 verbose cli [ 'C:\\Program Files\\nodejs\\node.exe',
1 verbose cli   'C:\\Program Files\\nodejs\\node_modules\\npm\\bin\\npm-cli.js',
1 verbose cli   'run',
1 verbose cli   'test' ]
2 info using npm@3.10.3
3 info using node@v6.7.0
4 verbose run-script [ 'pretest', 'test', 'posttest' ]
5 info lifecycle testnpminit@1.0.0~pretest: testnpminit@1.0.0
6 silly lifecycle testnpminit@1.0.0~pretest: no script for pretest, continuing
7 info lifecycle testnpminit@1.0.0~test: testnpminit@1.0.0
8 verbose lifecycle testnpminit@1.0.0~test: unsafe-perm in lifecycle true
9 verbose lifecycle testnpminit@1.0.0~test: PATH: C:\Program Files\nodejs\node_modules\npm\bin\node-gyp-bin;C:\Users\mitga\Desktop\WMA\NodeJsPractice\node_modules\.bin;C:\Program Files\nodejs;C:\Windows\system32;C:\Windows;C:\Windows\System32\Wbem;C:\Windows\System32\WindowsPowerShell\v1.0\;C:\Program Files (x86)\ATI Technologies\ATI.ACE\Core-Static;C:\Program Files (x86)\Skype\Phone\;C:\Program Files\nodejs\;C:\Program Files\Git\cmd;C:\Users\mitga\AppData\Roaming\npm;C:\Program Files (x86)\Microsoft VS Code\bin
10 verbose lifecycle testnpminit@1.0.0~test: CWD: C:\Users\mitga\Desktop\WMA\NodeJsPractice
11 silly lifecycle testnpminit@1.0.0~test: Args: [ '/d /s /c', 'echo "Error: no test specified" && exit 1' ]
12 silly lifecycle testnpminit@1.0.0~test: Returned: code: 1  signal: null
13 info lifecycle testnpminit@1.0.0~test: Failed to exec test script
14 verbose stack Error: testnpminit@1.0.0 test: `echo "Error: no test specified" && exit 1`
14 verbose stack Exit status 1
14 verbose stack     at EventEmitter.<anonymous> (C:\Program Files\nodejs\node_modules\npm\lib\utils\lifecycle.js:242:16)
14 verbose stack     at emitTwo (events.js:106:13)
14 verbose stack     at EventEmitter.emit (events.js:191:7)
14 verbose stack     at ChildProcess.<anonymous> (C:\Program Files\nodejs\node_modules\npm\lib\utils\spawn.js:40:14)
14 verbose stack     at emitTwo (events.js:106:13)
14 verbose stack     at ChildProcess.emit (events.js:191:7)
14 verbose stack     at maybeClose (internal/child_process.js:877:16)
14 verbose stack     at Process.ChildProcess._handle.onexit (internal/child_process.js:226:5)
15 verbose pkgid testnpminit@1.0.0
16 verbose cwd C:\Users\mitga\Desktop\WMA\NodeJsPractice
17 error Windows_NT 10.0.10586
18 error argv "C:\\Program Files\\nodejs\\node.exe" "C:\\Program Files\\nodejs\\node_modules\\npm\\bin\\npm-cli.js" "run" "test"
19 error node v6.7.0
20 error npm  v3.10.3
21 error code ELIFECYCLE
22 error testnpminit@1.0.0 test: `echo "Error: no test specified" && exit 1`
22 error Exit status 1
23 error Failed at the testnpminit@1.0.0 test script 'echo "Error: no test specified" && exit 1'.
23 error Make sure you have the latest version of node.js and npm installed.
23 error If you do, this is most likely a problem with the testnpminit package,
23 error not with npm itself.
23 error Tell the author that this fails on your system:
23 error     echo "Error: no test specified" && exit 1
23 error You can get information on how to open an issue for this project with:
23 error     npm bugs testnpminit
23 error Or if that isn't available, you can get their info via:
23 error     npm owner ls testnpminit
23 error There is likely additional logging output above.
24 verbose exit [ 1, true ]
